24/09/2022 6:05:38 PM Information:Previous log file path: 'C:\Users\Asus\AppData\Local\Trimble\Tekla Structures\2021.0\CatalogTreeFeature\2021.0.0.0\ComponentCatalog_Asus.log'
24/09/2022 6:05:38 PM Information:New log file path: 'C:\TeklaStructuresModels\2021\Edu\TTVT HMO\logs\ComponentCatalog_Asus.log'
24/09/2022 6:05:39 PM Information:CatalogContentTranslator loading translation file: C:\Program Files\Tekla Structures\2021.0\\messages\DotAppsStrings\ComponentCatalogDefinitions.ail
24/09/2022 6:05:39 PM Information:CatalogContentTranslator loading translation file: C:\ProgramData\Trimble\Tekla Structures\2021.0\\environments\common\extensions\PEB\PEB_ComponentCatalogDefinitions.ail
24/09/2022 6:05:39 PM Information:CatalogContentTranslator loading translation file: C:\ProgramData\Trimble\Tekla Structures\2021.0\\environments\common\extensions\TransmissionTowerTools\TransmissionTowerTools_ComponentCatalogDefinitions.ail
24/09/2022 6:05:39 PM Information:CatalogContentTranslator language set to enu
24/09/2022 6:05:39 PM Information:CatalogObjectTranslator loading translation file: C:\Program Files\Tekla Structures\2021.0\\messages\DotAppsStrings\CatalogManager.ail
24/09/2022 6:05:39 PM Information:CatalogObjectTranslator language set to enu
24/09/2022 6:05:45 PM Information:Previous log file path: 'C:\TeklaStructuresModels\2021\Edu\TTVT HMO\logs\ComponentCatalog_Asus.log'
24/09/2022 6:05:45 PM Information:New log file path: 'C:\TeklaStructuresModels\2021\Edu\TTVT HMO\logs\ComponentCatalog_Asus.log'
02/10/2022 10:25:16 AM Information:Previous log file path: 'C:\TeklaStructuresModels\2021\Edu\Tru12m\logs\ComponentCatalog_Asus.log'
02/10/2022 10:25:16 AM Information:New log file path: 'C:\TeklaStructuresModels\2021\Edu\TTVT HMO\logs\ComponentCatalog_Asus.log'
12/10/2022 11:45:56 PM Information:Previous log file path: 'C:\Users\Asus\AppData\Local\Trimble\Tekla Structures\2021.0\CatalogTreeFeature\2021.0.0.0\ComponentCatalog_Asus.log'
12/10/2022 11:45:56 PM Information:New log file path: 'C:\Users\Asus\Desktop\test\TTVT HMO\logs\ComponentCatalog_Asus.log'
12/10/2022 11:45:56 PM Information:CatalogContentTranslator loading translation file: C:\Program Files\Tekla Structures\2021.0\\messages\DotAppsStrings\ComponentCatalogDefinitions.ail
12/10/2022 11:45:56 PM Information:CatalogContentTranslator loading translation file: C:\ProgramData\Trimble\Tekla Structures\2021.0\\environments\common\extensions\PEB\PEB_ComponentCatalogDefinitions.ail
12/10/2022 11:45:56 PM Information:CatalogContentTranslator loading translation file: C:\ProgramData\Trimble\Tekla Structures\2021.0\\environments\common\extensions\TransmissionTowerTools\TransmissionTowerTools_ComponentCatalogDefinitions.ail
12/10/2022 11:45:56 PM Information:CatalogContentTranslator language set to enu
12/10/2022 11:45:56 PM Information:CatalogObjectTranslator loading translation file: C:\Program Files\Tekla Structures\2021.0\\messages\DotAppsStrings\CatalogManager.ail
12/10/2022 11:45:56 PM Information:CatalogObjectTranslator language set to enu
12/10/2022 11:47:34 PM Information:Previous log file path: 'C:\Users\Asus\Desktop\test\TTVT HMO\logs\ComponentCatalog_Asus.log'
12/10/2022 11:47:34 PM Information:New log file path: 'C:\Users\Asus\Desktop\khkhkh\TTVT-HMO\logs\ComponentCatalog_Asus.log'
