ERROR:  24.09.2022 18:05:34 Sketch order number not found for sketch item 54A23866-0000-268F-3134-313939313735, reordering
ERROR:  24.09.2022 18:05:34 Sketch order number not found for sketch item 54A23866-0000-25ED-3134-313939313735, reordering
ERROR:  24.09.2022 18:05:34 Sketch order number not found for sketch item 54A23866-0000-2532-3134-313939313735, reordering
ERROR:  24.09.2022 18:05:34 Sketch order number not found for sketch item 54A23866-0000-236F-3134-313939313735, reordering
ERROR:  24.09.2022 18:05:34 Sketch order number not found for sketch item 54A23866-0000-241A-3134-313939313735, reordering
ERROR:  24.09.2022 18:05:34 Sketch order number not found for sketch item 54A23866-0000-22B9-3134-313939313735, reordering
ERROR:  24.09.2022 18:05:34 Sketch order number not found for sketch item 54A23866-0000-2116-3134-313939313735, reordering
ERROR:  24.09.2022 18:05:34 Sketch order number not found for sketch item 54A23866-0000-2064-3134-313939313735, reordering
ERROR:  24.09.2022 18:05:34 Sketch order number not found for sketch item 54A23866-0000-1F59-3134-313939313735, reordering
ERROR:  24.09.2022 18:05:34 Sketch order number not found for sketch item 54A23866-0000-1EAF-3134-313939313735, reordering
ERROR:  24.09.2022 18:05:34 Sketch order number not found for sketch item 54A23866-0000-1E88-3134-313939313735, reordering
ERROR:  24.09.2022 18:05:34 Sketch order number not found for sketch item 54A23866-0000-1DCE-3134-313939313735, reordering
ERROR:  24.09.2022 18:05:34 Sketch order number not found for sketch item 54A23866-0000-268F-3134-313939313735, reordering
ERROR:  24.09.2022 18:05:34 Sketch order number not found for sketch item 54A23866-0000-25ED-3134-313939313735, reordering
ERROR:  24.09.2022 18:05:34 Sketch order number not found for sketch item 54A23866-0000-2532-3134-313939313735, reordering
ERROR:  24.09.2022 18:05:34 Sketch order number not found for sketch item 54A23866-0000-236F-3134-313939313735, reordering
ERROR:  24.09.2022 18:05:34 Sketch order number not found for sketch item 54A23866-0000-241A-3134-313939313735, reordering
ERROR:  24.09.2022 18:05:34 Sketch order number not found for sketch item 54A23866-0000-22B9-3134-313939313735, reordering
ERROR:  24.09.2022 18:05:34 Sketch order number not found for sketch item 54A23866-0000-2116-3134-313939313735, reordering
ERROR:  24.09.2022 18:05:34 Sketch order number not found for sketch item 54A23866-0000-2064-3134-313939313735, reordering
ERROR:  24.09.2022 18:05:34 Sketch order number not found for sketch item 54A23866-0000-1F59-3134-313939313735, reordering
ERROR:  24.09.2022 18:05:34 Sketch order number not found for sketch item 54A23866-0000-1EAF-3134-313939313735, reordering
ERROR:  24.09.2022 18:05:34 Sketch order number not found for sketch item 54A23866-0000-1E88-3134-313939313735, reordering
ERROR:  24.09.2022 18:05:34 Sketch order number not found for sketch item 54A23866-0000-1DCE-3134-313939313735, reordering
ERROR:  24.09.2022 18:17:19 Could not find UI name for plugin named Concrete column
