[2022-09-24T11:05:32Z] *** Open Library ***
[2022-09-24T11:05:32Z] Compact callbacks (0 ms) dbConflictManager_c/UpdateLibraryIdsAfterCompactingCB(0 ms) solstoInitializeSolidCache(0 ms) solstoInitializeRestrictionBoxCache(0 ms) 
[2022-09-24T11:05:32Z] *** Open Model ***
[2022-09-24T11:05:32Z] Compact callbacks (7 ms) ioUpdatePlotBufferAfterCompactingCB(0 ms) UpdateLastSelectedViewIdAfterCompactingCB(0 ms) IdsCompactedSelectDatabaseCB(0 ms) UpdateViewIdsAfterCompactingCB(0 ms) dbv::UpdateDbfastCachesCB(1 ms) srchUpdateSearchTreeAfterCompactingCB(0 ms) filUpdateViewFilterMapIdsAfterCompactingCB(0 ms) dglUpdatePlaneIdAfterCompactingCB(0 ms) dbConflictManager_c/UpdateModelIdsAfterCompactingCB(0 ms) solstoInitializeSolidCache(0 ms) solstoInitializeRestrictionBoxCache(0 ms) DrawingIdsChangedCB(6 ms) UpdateModelIdsAfterCompactingCB(0 ms) SketchRepository_c(0 ms) SketchNameIDCache_c(0 ms) 
[2022-09-24T11:05:38Z] Model sharing key not found in directory: C:\TeklaStructuresModels\2021\Edu\TTVT HMO\.
[2022-10-02T03:25:14Z] *** Open Library ***
[2022-10-02T03:25:14Z] Compact callbacks (1 ms) dbConflictManager_c/UpdateLibraryIdsAfterCompactingCB(1 ms) solstoInitializeSolidCache(0 ms) solstoInitializeRestrictionBoxCache(0 ms) SketchNameIDCache_c(0 ms) 
[2022-10-02T03:25:14Z] *** Open Model ***
[2022-10-02T03:25:14Z] Compact callbacks (0 ms) ioUpdatePlotBufferAfterCompactingCB(0 ms) UpdateLastSelectedViewIdAfterCompactingCB(0 ms) IdsCompactedSelectDatabaseCB(0 ms) UpdateViewIdsAfterCompactingCB(0 ms) dbv::UpdateDbfastCachesCB(0 ms) srchUpdateSearchTreeAfterCompactingCB(0 ms) filUpdateViewFilterMapIdsAfterCompactingCB(0 ms) SurfaceInitializeSurfaceModelContext(0 ms) dbConflictManager_c/UpdateModelIdsAfterCompactingCB(0 ms) solstoInitializeSolidCache(0 ms) solstoInitializeRestrictionBoxCache(0 ms) DrawingIdsChangedCB(0 ms) SketchNameIDCache_c(0 ms) rbrSpatialInformation_c::UpdateAfterCompacting(0 ms) ReferenceGraphIdsCompactedCallback(0 ms) SurfaceInitializeSurfaceCache(0 ms) UpdateModelIdsAfterCompactingCB(0 ms) SketchRepository_c(0 ms) 
[2022-10-02T03:25:16Z] Model sharing key not found in directory: C:\TeklaStructuresModels\2021\Edu\TTVT HMO\.
[2022-10-02T03:38:38Z] Save check ids callbacks (0 ms) solstoInitializeSolidCache(0 ms) CheckViewIdsBeforSaveCB(0 ms) ioCheckIdsBeforeSaveCB(0 ms) CheckLastSelectedViewIdBeforSaveCB(0 ms) srchCheckIdsBeforeSaveCB(0 ms) dbv::CheckFastCacheIdsBeforeSaveCB(0 ms) filCheckIdsBeforeSaveCB(0 ms) dglCheckIdsBeforeSaveCB(0 ms) solstoInitializeRestrictionBoxCache(0 ms) 
[2022-10-02T03:38:38Z] *** Save Model ***
[2022-10-02T03:38:38Z] Save check ids callbacks (0 ms) solstoInitializeSolidCache(0 ms) solstoInitializeRestrictionBoxCache(0 ms) 
[2022-10-02T03:38:38Z] *** Save Library ***
[2022-10-02T03:47:49Z] Model sharing key not found in directory: C:\TeklaStructuresModels\2021\Edu\TTVT HMO\.
[2022-10-02T03:49:14Z] Save check ids callbacks (0 ms) solstoInitializeSolidCache(0 ms) CheckViewIdsBeforSaveCB(0 ms) ioCheckIdsBeforeSaveCB(0 ms) CheckLastSelectedViewIdBeforSaveCB(0 ms) srchCheckIdsBeforeSaveCB(0 ms) dbv::CheckFastCacheIdsBeforeSaveCB(0 ms) filCheckIdsBeforeSaveCB(0 ms) dglCheckIdsBeforeSaveCB(0 ms) solstoInitializeRestrictionBoxCache(0 ms) 
[2022-10-02T03:49:14Z] *** Save Model ***
[2022-10-02T03:49:14Z] Save check ids callbacks (0 ms) solstoInitializeSolidCache(0 ms) solstoInitializeRestrictionBoxCache(0 ms) 
[2022-10-02T03:49:14Z] *** Save Library ***
[2022-10-02T03:49:16Z] Model sharing key not found in directory: C:\TeklaStructuresModels\2021\Edu\TTVT HMO\.
[2022-10-02T03:51:52Z] Model sharing key not found in directory: C:\TeklaStructuresModels\2021\Edu\TTVT HMO\.
[2022-10-02T03:52:30Z] Save check ids callbacks (0 ms) solstoInitializeSolidCache(0 ms) CheckViewIdsBeforSaveCB(0 ms) ioCheckIdsBeforeSaveCB(0 ms) CheckLastSelectedViewIdBeforSaveCB(0 ms) srchCheckIdsBeforeSaveCB(0 ms) dbv::CheckFastCacheIdsBeforeSaveCB(0 ms) filCheckIdsBeforeSaveCB(0 ms) dglCheckIdsBeforeSaveCB(0 ms) solstoInitializeRestrictionBoxCache(0 ms) 
[2022-10-02T03:52:30Z] *** Save Model ***
[2022-10-02T03:52:30Z] Save check ids callbacks (0 ms) solstoInitializeSolidCache(0 ms) solstoInitializeRestrictionBoxCache(0 ms) 
[2022-10-02T03:52:30Z] *** Save Library ***
[2022-10-12T16:45:49Z] *** Open Library ***
[2022-10-12T16:45:49Z] Compact callbacks (0 ms) dbConflictManager_c/UpdateLibraryIdsAfterCompactingCB(0 ms) solstoInitializeSolidCache(0 ms) solstoInitializeRestrictionBoxCache(0 ms) 
[2022-10-12T16:45:50Z] *** Open Model ***
[2022-10-12T16:45:50Z] Compact callbacks (10 ms) ioUpdatePlotBufferAfterCompactingCB(0 ms) UpdateLastSelectedViewIdAfterCompactingCB(2 ms) IdsCompactedSelectDatabaseCB(0 ms) UpdateViewIdsAfterCompactingCB(0 ms) dbv::UpdateDbfastCachesCB(0 ms) srchUpdateSearchTreeAfterCompactingCB(0 ms) filUpdateViewFilterMapIdsAfterCompactingCB(0 ms) dglUpdatePlaneIdAfterCompactingCB(0 ms) dbConflictManager_c/UpdateModelIdsAfterCompactingCB(1 ms) solstoInitializeSolidCache(0 ms) solstoInitializeRestrictionBoxCache(0 ms) DrawingIdsChangedCB(7 ms) UpdateModelIdsAfterCompactingCB(0 ms) SketchRepository_c(0 ms) SketchNameIDCache_c(0 ms) 
[2022-10-12T16:45:56Z] Model sharing key not found in directory: C:\Users\Asus\Desktop\test\TTVT HMO\.
[2022-10-12T16:47:33Z] Compact callbacks (4 ms) ioUpdatePlotBufferAfterCompactingCB(0 ms) UpdateLastSelectedViewIdAfterCompactingCB(0 ms) IdsCompactedSelectDatabaseCB(0 ms) UpdateViewIdsAfterCompactingCB(0 ms) dbv::UpdateDbfastCachesCB(0 ms) srchUpdateSearchTreeAfterCompactingCB(0 ms) filUpdateViewFilterMapIdsAfterCompactingCB(0 ms) dglUpdatePlaneIdAfterCompactingCB(0 ms) SurfaceInitializeSurfaceModelContext(0 ms) dbConflictManager_c/UpdateModelIdsAfterCompactingCB(0 ms) solstoInitializeSolidCache(0 ms) solstoInitializeRestrictionBoxCache(0 ms) DrawingIdsChangedCB(2 ms) pour::PourModelContext_c(1 ms) SketchRepository_c(0 ms) pbgPourBreakGeometryObserver_c(0 ms) SketchNameIDCache_c(0 ms) UpdateModelIdsAfterCompactingCB(0 ms) ReferenceGraphIdsCompactedCallback(0 ms) rbrSpatialInformation_c::UpdateAfterCompacting(1 ms) cmContinuousMaterialModelContext_c(0 ms) cmContinuousMaterialObserver_c(0 ms) PourObserver_c(0 ms) SurfaceInitializeSurfaceCache(0 ms) UpdateVirtualBarCacheIdsAfterCompactingCB(0 ms) CreateRepresentationHash(0 ms) UpdateCurrentUserIdAfterCompactingCB(0 ms) ExtObjectRegistry(0 ms) 
[2022-10-12T16:47:33Z] Compact callbacks (1 ms) dbConflictManager_c/UpdateLibraryIdsAfterCompactingCB(0 ms) solstoInitializeSolidCache(0 ms) solstoInitializeRestrictionBoxCache(0 ms) SketchRepository_c(1 ms) SketchNameIDCache_c(0 ms) 
[2022-10-12T16:47:33Z] Compact callbacks (1 ms) ioUpdatePlotBufferAfterCompactingCB(0 ms) UpdateLastSelectedViewIdAfterCompactingCB(0 ms) IdsCompactedSelectDatabaseCB(0 ms) UpdateViewIdsAfterCompactingCB(0 ms) dbv::UpdateDbfastCachesCB(0 ms) srchUpdateSearchTreeAfterCompactingCB(0 ms) filUpdateViewFilterMapIdsAfterCompactingCB(0 ms) dglUpdatePlaneIdAfterCompactingCB(0 ms) SurfaceInitializeSurfaceModelContext(0 ms) dbConflictManager_c/UpdateModelIdsAfterCompactingCB(0 ms) solstoInitializeSolidCache(0 ms) solstoInitializeRestrictionBoxCache(0 ms) DrawingIdsChangedCB(1 ms) pour::PourModelContext_c(0 ms) SketchRepository_c(0 ms) pbgPourBreakGeometryObserver_c(0 ms) SketchNameIDCache_c(0 ms) UpdateModelIdsAfterCompactingCB(0 ms) ReferenceGraphIdsCompactedCallback(0 ms) rbrSpatialInformation_c::UpdateAfterCompacting(0 ms) cmContinuousMaterialModelContext_c(0 ms) cmContinuousMaterialObserver_c(0 ms) PourObserver_c(0 ms) SurfaceInitializeSurfaceCache(0 ms) UpdateVirtualBarCacheIdsAfterCompactingCB(0 ms) CreateRepresentationHash(0 ms) UpdateCurrentUserIdAfterCompactingCB(0 ms) ExtObjectRegistry(0 ms) 
[2022-10-12T16:47:33Z] Compact callbacks (0 ms) dbConflictManager_c/UpdateLibraryIdsAfterCompactingCB(0 ms) solstoInitializeSolidCache(0 ms) solstoInitializeRestrictionBoxCache(0 ms) SketchRepository_c(0 ms) SketchNameIDCache_c(0 ms) 
[2022-10-12T16:47:33Z] Save check ids callbacks (0 ms) solstoInitializeSolidCache(0 ms) CheckViewIdsBeforSaveCB(0 ms) ioCheckIdsBeforeSaveCB(0 ms) CheckLastSelectedViewIdBeforSaveCB(0 ms) srchCheckIdsBeforeSaveCB(0 ms) dbv::CheckFastCacheIdsBeforeSaveCB(0 ms) filCheckIdsBeforeSaveCB(0 ms) dglCheckIdsBeforeSaveCB(0 ms) solstoInitializeRestrictionBoxCache(0 ms) 
[2022-10-12T16:47:33Z] *** Save Model ***
[2022-10-12T16:47:34Z] Save check ids callbacks (0 ms) solstoInitializeSolidCache(0 ms) solstoInitializeRestrictionBoxCache(0 ms) 
[2022-10-12T16:47:34Z] *** Save Library ***
[2022-10-12T16:47:34Z] Model sharing key not found in directory: C:\Users\Asus\Desktop\khkhkh\TTVT-HMO\.
